{
  "RSpec": {
    "coverage": {
      "/Users/artemshelkovnikov/git_tree/connectors/lib/app/app.rb": {
        "lines": [
          null,
          null,
          null,
          null,
          null,
          null,
          null,
          1,
          1,
          1,
          null,
          1,
          1,
          null,
          1,
          1,
          1,
          1,
          1,
          null,
          null,
          1,
          1,
          1,
          null,
          1,
          1,
          1,
          1,
          1,
          null,
          null,
          1,
          11,
          null,
          11,
          null,
          null,
          11,
          null,
          null,
          4,
          1,
          1,
          null,
          3,
          3,
          null,
          4,
          4,
          null,
          null,
          1,
          2,
          null,
          2,
          null,
          null,
          null,
          null,
          null,
          1,
          0,
          0,
          null,
          null,
          1,
          1,
          null,
          null,
          1,
          1,
          null,
          1,
          1,
          null,
          null,
          1,
          null,
          null,
          null,
          null,
          null,
          null,
          null,
          null,
          null,
          null,
          1,
          0,
          0,
          null,
          0,
          null,
          null,
          null,
          0,
          null,
          null,
          1,
          0,
          0,
          null,
          null,
          null,
          1,
          3,
          3,
          3,
          3,
          3,
          null,
          2,
          null,
          1,
          1,
          null,
          null,
          null,
          1,
          1,
          1,
          1,
          1,
          null,
          0,
          0,
          null,
          null
        ]
      },
      "/Users/artemshelkovnikov/git_tree/connectors/lib/connectors_sdk/share_point/http_call_wrapper.rb": {
        "lines": [
          null,
          null,
          null,
          null,
          null,
          null,
          null,
          null,
          1,
          1,
          1,
          null,
          1,
          1,
          1,
          1,
          1,
          1,
          null,
          null,
          0,
          1,
          null,
          null,
          null,
          null,
          null,
          1,
          1,
          1,
          null,
          1,
          101,
          null,
          null,
          null,
          null,
          101,
          null,
          null,
          1,
          null,
          null,
          null,
          null
        ]
      },
      "/Users/artemshelkovnikov/git_tree/connectors/lib/connectors_sdk/office365/config.rb": {
        "lines": [
          null,
          null,
          null,
          null,
          null,
          null,
          null,
          null,
          1,
          null,
          1,
          1,
          1,
          1,
          null,
          1,
          null,
          1,
          17,
          17,
          17,
          null,
          null,
          1,
          10,
          null,
          null,
          1,
          1,
          null,
          null,
          null,
          null,
          null,
          null,
          null
        ]
      },
      "/Users/artemshelkovnikov/git_tree/connectors/lib/connectors_sdk/base/config.rb": {
        "lines": [
          null,
          null,
          null,
          null,
          null,
          null,
          1,
          1,
          1,
          1,
          null,
          1,
          27,
          null,
          null,
          1,
          null,
          1,
          null,
          null,
          null,
          null,
          null
        ]
      },
      "/Users/artemshelkovnikov/git_tree/connectors/lib/connectors_sdk/share_point/extractor.rb": {
        "lines": [
          null,
          null,
          null,
          null,
          null,
          null,
          null,
          null,
          1,
          1,
          null,
          1,
          1,
          1,
          null,
          1,
          null,
          1,
          0,
          null,
          null,
          1,
          105,
          null,
          null,
          1,
          10,
          null,
          null,
          null,
          null
        ]
      },
      "/Users/artemshelkovnikov/git_tree/connectors/lib/connectors_sdk/office365/extractor.rb": {
        "lines": [
          null,
          null,
          null,
          null,
          null,
          null,
          null,
          null,
          1,
          1,
          null,
          1,
          1,
          1,
          1,
          null,
          1,
          8,
          6,
          6,
          6,
          null,
          6,
          null,
          6,
          0,
          null,
          0,
          null,
          0,
          0,
          null,
          6,
          0,
          0,
          null,
          6,
          6,
          null,
          null,
          0,
          0,
          null,
          null,
          null,
          null,
          null,
          null,
          1,
          0,
          0,
          null,
          null,
          null,
          1,
          0,
          0,
          null,
          0,
          0,
          0,
          null,
          null,
          null,
          0,
          null,
          null,
          null,
          1,
          6,
          6,
          null,
          4,
          null,
          null,
          4,
          null,
          null,
          2,
          1,
          1,
          null,
          1,
          null,
          null,
          null,
          1,
          25,
          16,
          null,
          null,
          null,
          1,
          null,
          1,
          0,
          null,
          null,
          1,
          10,
          10,
          9,
          null,
          3,
          null,
          null,
          null,
          1,
          0,
          0,
          0,
          0,
          null,
          null,
          null,
          null,
          null,
          1,
          0,
          null,
          null,
          1,
          0,
          null,
          null,
          1,
          null,
          0,
          null,
          null,
          null,
          null,
          0,
          null,
          null,
          1,
          6,
          106,
          106,
          106,
          106,
          null,
          null,
          null,
          null,
          1,
          0,
          0,
          null,
          0,
          null,
          null,
          null,
          1,
          0,
          0,
          0,
          0,
          0,
          null,
          null,
          null,
          null,
          1,
          106,
          null,
          106,
          null,
          105,
          0,
          0,
          null,
          null,
          105,
          null,
          105,
          null,
          null,
          1,
          105,
          null,
          null,
          1,
          105,
          4,
          101,
          101,
          0,
          0,
          null,
          0,
          null,
          null,
          null,
          1,
          106,
          106,
          106,
          null,
          null,
          null,
          null
        ]
      },
      "/Users/artemshelkovnikov/git_tree/connectors/lib/connectors_sdk/office365/custom_client.rb": {
        "lines": [
          null,
          null,
          null,
          null,
          null,
          null,
          null,
          null,
          1,
          1,
          1,
          null,
          1,
          1,
          1,
          null,
          1,
          null,
          1,
          1,
          null,
          1,
          3,
          3,
          null,
          null,
          null,
          1,
          null,
          null,
          null,
          1,
          1,
          1,
          1,
          null,
          1,
          0,
          0,
          null,
          null,
          null,
          null,
          null,
          1,
          1,
          null,
          1,
          null,
          1,
          24,
          24,
          24,
          null,
          null,
          1,
          1,
          1,
          null,
          null,
          1,
          0,
          null,
          null,
          1,
          0,
          0,
          0,
          null,
          null,
          1,
          null,
          null,
          null,
          null,
          null,
          13,
          null,
          13,
          null,
          null,
          19,
          null,
          null,
          null,
          null,
          1,
          13,
          null,
          null,
          1,
          3,
          null,
          3,
          null,
          null,
          1,
          null,
          null,
          null,
          14,
          null,
          null,
          1,
          19,
          null,
          null,
          null,
          0,
          0,
          null,
          null,
          1,
          null,
          6,
          null,
          6,
          6,
          106,
          106,
          106,
          101,
          null,
          106,
          null,
          null,
          null,
          null,
          null,
          1,
          3,
          null,
          null,
          1,
          0,
          null,
          0,
          0,
          0,
          null,
          0,
          null,
          null,
          0,
          0,
          null,
          null,
          null,
          0,
          0,
          0,
          null,
          null,
          0,
          0,
          null,
          null,
          0,
          null,
          null,
          1,
          0,
          null,
          null,
          1,
          0,
          null,
          0,
          0,
          null,
          0,
          0,
          null,
          null,
          0,
          null,
          null,
          null,
          1,
          0,
          0,
          null,
          null,
          null,
          1,
          null,
          6,
          null,
          null,
          null,
          null,
          null,
          null,
          3,
          null,
          null,
          null,
          1,
          null,
          1,
          null,
          null,
          13,
          null,
          13,
          6,
          3,
          null,
          null,
          1,
          38,
          null,
          null,
          1,
          171,
          null,
          null,
          1,
          56,
          56,
          null,
          54,
          54,
          1,
          1,
          null,
          54,
          null,
          null,
          1,
          6,
          6,
          null,
          null,
          1,
          106,
          106,
          106,
          null,
          106,
          106,
          105,
          105,
          0,
          null,
          null,
          null,
          1,
          null,
          179,
          null,
          null,
          null,
          null,
          1,
          179,
          176,
          null,
          3,
          null,
          3,
          1,
          0,
          0,
          null,
          1,
          null,
          0,
          null,
          2,
          null,
          3,
          null,
          null,
          null,
          1,
          178,
          178,
          null,
          null,
          1,
          179,
          176,
          null,
          null,
          1,
          179,
          null,
          null,
          null,
          null,
          null,
          null,
          null,
          null
        ]
      },
      "/Users/artemshelkovnikov/git_tree/connectors/lib/connectors_sdk/base/custom_client.rb": {
        "lines": [
          null,
          null,
          null,
          null,
          null,
          null,
          1,
          1,
          1,
          1,
          1,
          1,
          1,
          1,
          null,
          1,
          1,
          1,
          1,
          null,
          1,
          null,
          1,
          32,
          32,
          32,
          null,
          null,
          1,
          32,
          32,
          32,
          null,
          null,
          1,
          32,
          null,
          null,
          1,
          32,
          null,
          null,
          1,
          null,
          32,
          null,
          null,
          null,
          null,
          null,
          null,
          1,
          null,
          null,
          null,
          null,
          null,
          null,
          null,
          null,
          7,
          187,
          187,
          null,
          null,
          null,
          1,
          0,
          0,
          null,
          null,
          1,
          187,
          32,
          32,
          null,
          null,
          32,
          null,
          null,
          null,
          1,
          null,
          null,
          1,
          null,
          1,
          0,
          null,
          null,
          1,
          null,
          0,
          0,
          null,
          0,
          null,
          null,
          0,
          0,
          0,
          0,
          0,
          0,
          0,
          null,
          0,
          null,
          null,
          null,
          null,
          null
        ]
      },
      "/Users/artemshelkovnikov/git_tree/connectors/lib/connectors_sdk/base/extractor.rb": {
        "lines": [
          null,
          null,
          null,
          null,
          null,
          null,
          1,
          1,
          1,
          1,
          1,
          1,
          1,
          1,
          1,
          null,
          1,
          1,
          1,
          1,
          1,
          null,
          1,
          null,
          null,
          null,
          null,
          null,
          null,
          null,
          null,
          null,
          1,
          1,
          null,
          1,
          null,
          null,
          null,
          null,
          null,
          null,
          25,
          25,
          25,
          25,
          25,
          25,
          25,
          25,
          null,
          null,
          1,
          0,
          0,
          null,
          null,
          1,
          0,
          null,
          null,
          1,
          0,
          0,
          null,
          null,
          1,
          16,
          null,
          null,
          1,
          null,
          null,
          null,
          1,
          12,
          null,
          null,
          18,
          18,
          null,
          12,
          1,
          1,
          null,
          0,
          0,
          null,
          0,
          0,
          null,
          null,
          null,
          null,
          null,
          null,
          null,
          null,
          3,
          null,
          8,
          8,
          8,
          2,
          2,
          2,
          2,
          null,
          6,
          6,
          6,
          null,
          null,
          null,
          null,
          1,
          0,
          null,
          null,
          1,
          12,
          12,
          12,
          18,
          18,
          18,
          18,
          13,
          13,
          13,
          null,
          null,
          18,
          null,
          null,
          null,
          6,
          null,
          null,
          1,
          123,
          123,
          123,
          null,
          117,
          null,
          1,
          1,
          1,
          null,
          4,
          4,
          4,
          null,
          null,
          1,
          5,
          null,
          null,
          1,
          0,
          null,
          null,
          1,
          0,
          0,
          0,
          0,
          0,
          0,
          0,
          0,
          0,
          0,
          null,
          null,
          0,
          null,
          null,
          null,
          0,
          null,
          null,
          1,
          null,
          null,
          null,
          1,
          0,
          0,
          0,
          0,
          0,
          0,
          null,
          null,
          null,
          null,
          null,
          null,
          1,
          5,
          140,
          140,
          null,
          140,
          null,
          null,
          null,
          1,
          141,
          null,
          17,
          null,
          3,
          null,
          null,
          null,
          null,
          null,
          null,
          1,
          90,
          null,
          null,
          1,
          0,
          null,
          null,
          1,
          0,
          null,
          null,
          1,
          0,
          null,
          null,
          1,
          null,
          1,
          139,
          null,
          null,
          1,
          null,
          5,
          null,
          null,
          null,
          null,
          null,
          null,
          null,
          null,
          null
        ]
      },
      "/Users/artemshelkovnikov/git_tree/connectors/lib/stubs/connectors/stats.rb": {
        "lines": [
          null,
          null,
          null,
          null,
          null,
          null,
          null,
          null,
          1,
          null,
          1,
          1,
          1,
          30,
          null,
          null,
          1,
          null,
          null,
          null,
          1,
          0,
          null,
          null,
          1,
          30,
          null,
          30,
          null,
          30,
          null,
          30,
          null,
          null,
          null
        ]
      },
      "/Users/artemshelkovnikov/git_tree/connectors/lib/connectors_sdk/share_point/adapter.rb": {
        "lines": [
          null,
          null,
          null,
          null,
          null,
          null,
          null,
          null,
          1,
          null,
          1,
          1,
          1,
          1,
          null,
          1,
          7,
          null,
          null,
          1,
          104,
          null,
          null,
          1,
          1,
          null,
          null,
          1,
          1,
          7,
          null,
          null,
          null,
          1,
          1,
          104,
          null,
          null,
          null,
          1,
          1,
          1,
          null,
          null,
          null,
          null,
          null
        ]
      },
      "/Users/artemshelkovnikov/git_tree/connectors/lib/connectors_sdk/office365/adapter.rb": {
        "lines": [
          null,
          null,
          null,
          null,
          null,
          null,
          null,
          null,
          1,
          null,
          1,
          1,
          1,
          1,
          0,
          null,
          null,
          1,
          1,
          null,
          null,
          1,
          1,
          null,
          1,
          112,
          null,
          null,
          1,
          0,
          null,
          null,
          1,
          218,
          null,
          218,
          2,
          null,
          216,
          null,
          218,
          null,
          null,
          1,
          null,
          112,
          null,
          null,
          null,
          null,
          null,
          null,
          null,
          null,
          null,
          null,
          null,
          null,
          null,
          1,
          null,
          1,
          112,
          null,
          null,
          1,
          0,
          null,
          null,
          1,
          0,
          null,
          null,
          1,
          112,
          null,
          null,
          1,
          112,
          null,
          null,
          1,
          112,
          null,
          2,
          null,
          4,
          null,
          null,
          null,
          null,
          null,
          110,
          null,
          null,
          null,
          null,
          1,
          1,
          0,
          null,
          null,
          1,
          null,
          1,
          7,
          null,
          null,
          1,
          null,
          null,
          7,
          null,
          null,
          null,
          null,
          null,
          null,
          1,
          null,
          1,
          null,
          1,
          104,
          null,
          null,
          1,
          null,
          208,
          null,
          null,
          null,
          null,
          1,
          1,
          0,
          null,
          null,
          1,
          null,
          1,
          null,
          1,
          null,
          null,
          1,
          1,
          null,
          null,
          null,
          null,
          null,
          null
        ]
      },
      "/Users/artemshelkovnikov/git_tree/connectors/lib/connectors_sdk/base/adapter.rb": {
        "lines": [
          null,
          null,
          null,
          null,
          null,
          null,
          1,
          1,
          1,
          1,
          1,
          1,
          1,
          null,
          1,
          1,
          1,
          1,
          115,
          null,
          null,
          null,
          null,
          null,
          null,
          1,
          6,
          113,
          null,
          null,
          6,
          1,
          1,
          null,
          null,
          6,
          3,
          null,
          3,
          1,
          null,
          null,
          null,
          1,
          7,
          7,
          0,
          0,
          null,
          null,
          1,
          9,
          null,
          null,
          1,
          7,
          null,
          null,
          1,
          116,
          null,
          null,
          1,
          230,
          null,
          20,
          null,
          0,
          null,
          null,
          20,
          0,
          0,
          0,
          null,
          null,
          null,
          null,
          1,
          225,
          224,
          0,
          null,
          null,
          1,
          15,
          11,
          11,
          7,
          null,
          0,
          null,
          null,
          1,
          4,
          null,
          null,
          4,
          null,
          null,
          4,
          12,
          null,
          12,
          12,
          12,
          null,
          8,
          null,
          null,
          4,
          null,
          null,
          1,
          null,
          null,
          null
        ]
      },
      "/Users/artemshelkovnikov/git_tree/connectors/lib/connectors_sdk/share_point/authorization.rb": {
        "lines": [
          null,
          null,
          null,
          null,
          null,
          null,
          null,
          null,
          1,
          1,
          1,
          1,
          null,
          1,
          1,
          1,
          1,
          1,
          5,
          null,
          null,
          1,
          5,
          null,
          null,
          1,
          3,
          3,
          1,
          null,
          null,
          2,
          2,
          2,
          2,
          null,
          null,
          1,
          10,
          10,
          8,
          null,
          null,
          2,
          2,
          2,
          null,
          null,
          1,
          1,
          1,
          0,
          null,
          null,
          1,
          1,
          1,
          null,
          null,
          1,
          5,
          null,
          null,
          null,
          null,
          5,
          5,
          null,
          null,
          1,
          5,
          null,
          null,
          null,
          null,
          null,
          null,
          null,
          null,
          null,
          null,
          1,
          61,
          null,
          null,
          null,
          null,
          null
        ]
      },
      "/Users/artemshelkovnikov/git_tree/connectors/lib/connectors_app/errors.rb": {
        "lines": [
          null,
          null,
          null,
          null,
          null,
          null,
          1,
          1,
          1,
          1,
          null,
          null
        ]
      },
      "/Users/artemshelkovnikov/git_tree/connectors/lib/connectors_app/config.rb": {
        "lines": [
          null,
          null,
          null,
          null,
          null,
          1,
          null,
          1,
          null,
          null,
          null,
          1,
          null,
          1,
          null
        ]
      }
    },
    "timestamp": 1646741325
  }
}
